{"level":"error","message":"Error opening database connection: Cannot read properties of undefined (reading 'Database')","stack":"TypeError: Cannot read properties of undefined (reading 'Database')\n    at Function.<anonymous> (C:\\Users\\User\\Downloads\\SE2-Assignments-Assignment1\\src\\repository\\sqlite\\ConnectionManager.ts:16:37)\n    at Generator.next (<anonymous>)\n    at C:\\Users\\User\\Downloads\\SE2-Assignments-Assignment1\\src\\repository\\sqlite\\ConnectionManager.ts:8:71\n    at new Promise (<anonymous>)\n    at __awaiter (C:\\Users\\User\\Downloads\\SE2-Assignments-Assignment1\\src\\repository\\sqlite\\ConnectionManager.ts:4:12)\n    at Function.getConnection (C:\\Users\\User\\Downloads\\SE2-Assignments-Assignment1\\src\\repository\\sqlite\\ConnectionManager.ts:24:16)\n    at OrderRepository.<anonymous> (C:\\Users\\User\\Downloads\\SE2-Assignments-Assignment1\\src\\repository\\sqlite\\Order.repository.ts:34:46)\n    at Generator.next (<anonymous>)\n    at C:\\Users\\User\\Downloads\\SE2-Assignments-Assignment1\\src\\repository\\sqlite\\Order.repository.ts:8:71\n    at new Promise (<anonymous>)","timestamp":"2025-09-04T09:58:20.873Z"}
{"level":"error","message":"Error initializing order table Failed to open database connection: Cannot read properties of undefined (reading 'Database')","name":"DbException","stack":"TypeError: Cannot read properties of undefined (reading 'Database')\n    at Function.<anonymous> (C:\\Users\\User\\Downloads\\SE2-Assignments-Assignment1\\src\\repository\\sqlite\\ConnectionManager.ts:16:37)\n    at Generator.next (<anonymous>)\n    at C:\\Users\\User\\Downloads\\SE2-Assignments-Assignment1\\src\\repository\\sqlite\\ConnectionManager.ts:8:71\n    at new Promise (<anonymous>)\n    at __awaiter (C:\\Users\\User\\Downloads\\SE2-Assignments-Assignment1\\src\\repository\\sqlite\\ConnectionManager.ts:4:12)\n    at Function.getConnection (C:\\Users\\User\\Downloads\\SE2-Assignments-Assignment1\\src\\repository\\sqlite\\ConnectionManager.ts:24:16)\n    at OrderRepository.<anonymous> (C:\\Users\\User\\Downloads\\SE2-Assignments-Assignment1\\src\\repository\\sqlite\\Order.repository.ts:34:46)\n    at Generator.next (<anonymous>)\n    at C:\\Users\\User\\Downloads\\SE2-Assignments-Assignment1\\src\\repository\\sqlite\\Order.repository.ts:8:71\n    at new Promise (<anonymous>)","timestamp":"2025-09-04T09:58:20.875Z"}
{"level":"error","message":"API Exception of status %d: %s","timestamp":"2025-09-04T09:58:20.877Z"}
{"level":"error","message":"Error opening database connection: Cannot read properties of undefined (reading 'Database')","stack":"TypeError: Cannot read properties of undefined (reading 'Database')\n    at Function.<anonymous> (C:\\Users\\User\\Downloads\\SE2-Assignments-Assignment1\\src\\repository\\sqlite\\ConnectionManager.ts:16:37)\n    at Generator.next (<anonymous>)\n    at C:\\Users\\User\\Downloads\\SE2-Assignments-Assignment1\\src\\repository\\sqlite\\ConnectionManager.ts:8:71\n    at new Promise (<anonymous>)\n    at __awaiter (C:\\Users\\User\\Downloads\\SE2-Assignments-Assignment1\\src\\repository\\sqlite\\ConnectionManager.ts:4:12)\n    at Function.getConnection (C:\\Users\\User\\Downloads\\SE2-Assignments-Assignment1\\src\\repository\\sqlite\\ConnectionManager.ts:24:16)\n    at OrderRepository.<anonymous> (C:\\Users\\User\\Downloads\\SE2-Assignments-Assignment1\\src\\repository\\sqlite\\Order.repository.ts:34:46)\n    at Generator.next (<anonymous>)\n    at C:\\Users\\User\\Downloads\\SE2-Assignments-Assignment1\\src\\repository\\sqlite\\Order.repository.ts:8:71\n    at new Promise (<anonymous>)","timestamp":"2025-09-04T09:58:29.696Z"}
{"level":"error","message":"Error initializing order table Failed to open database connection: Cannot read properties of undefined (reading 'Database')","name":"DbException","stack":"TypeError: Cannot read properties of undefined (reading 'Database')\n    at Function.<anonymous> (C:\\Users\\User\\Downloads\\SE2-Assignments-Assignment1\\src\\repository\\sqlite\\ConnectionManager.ts:16:37)\n    at Generator.next (<anonymous>)\n    at C:\\Users\\User\\Downloads\\SE2-Assignments-Assignment1\\src\\repository\\sqlite\\ConnectionManager.ts:8:71\n    at new Promise (<anonymous>)\n    at __awaiter (C:\\Users\\User\\Downloads\\SE2-Assignments-Assignment1\\src\\repository\\sqlite\\ConnectionManager.ts:4:12)\n    at Function.getConnection (C:\\Users\\User\\Downloads\\SE2-Assignments-Assignment1\\src\\repository\\sqlite\\ConnectionManager.ts:24:16)\n    at OrderRepository.<anonymous> (C:\\Users\\User\\Downloads\\SE2-Assignments-Assignment1\\src\\repository\\sqlite\\Order.repository.ts:34:46)\n    at Generator.next (<anonymous>)\n    at C:\\Users\\User\\Downloads\\SE2-Assignments-Assignment1\\src\\repository\\sqlite\\Order.repository.ts:8:71\n    at new Promise (<anonymous>)","timestamp":"2025-09-04T09:58:29.698Z"}
{"level":"error","message":"API Exception of status %d: %s","timestamp":"2025-09-04T09:58:29.700Z"}
{"level":"error","message":"Error opening database connection: Cannot read properties of undefined (reading 'Database')","stack":"TypeError: Cannot read properties of undefined (reading 'Database')\n    at Function.<anonymous> (C:\\Users\\User\\Downloads\\SE2-Assignments-Assignment1\\src\\repository\\sqlite\\ConnectionManager.ts:16:37)\n    at Generator.next (<anonymous>)\n    at C:\\Users\\User\\Downloads\\SE2-Assignments-Assignment1\\src\\repository\\sqlite\\ConnectionManager.ts:8:71\n    at new Promise (<anonymous>)\n    at __awaiter (C:\\Users\\User\\Downloads\\SE2-Assignments-Assignment1\\src\\repository\\sqlite\\ConnectionManager.ts:4:12)\n    at Function.getConnection (C:\\Users\\User\\Downloads\\SE2-Assignments-Assignment1\\src\\repository\\sqlite\\ConnectionManager.ts:24:16)\n    at OrderRepository.<anonymous> (C:\\Users\\User\\Downloads\\SE2-Assignments-Assignment1\\src\\repository\\sqlite\\Order.repository.ts:34:46)\n    at Generator.next (<anonymous>)\n    at C:\\Users\\User\\Downloads\\SE2-Assignments-Assignment1\\src\\repository\\sqlite\\Order.repository.ts:8:71\n    at new Promise (<anonymous>)","timestamp":"2025-09-04T10:00:13.169Z"}
{"level":"error","message":"Error initializing order table Failed to open database connection: Cannot read properties of undefined (reading 'Database')","name":"DbException","stack":"TypeError: Cannot read properties of undefined (reading 'Database')\n    at Function.<anonymous> (C:\\Users\\User\\Downloads\\SE2-Assignments-Assignment1\\src\\repository\\sqlite\\ConnectionManager.ts:16:37)\n    at Generator.next (<anonymous>)\n    at C:\\Users\\User\\Downloads\\SE2-Assignments-Assignment1\\src\\repository\\sqlite\\ConnectionManager.ts:8:71\n    at new Promise (<anonymous>)\n    at __awaiter (C:\\Users\\User\\Downloads\\SE2-Assignments-Assignment1\\src\\repository\\sqlite\\ConnectionManager.ts:4:12)\n    at Function.getConnection (C:\\Users\\User\\Downloads\\SE2-Assignments-Assignment1\\src\\repository\\sqlite\\ConnectionManager.ts:24:16)\n    at OrderRepository.<anonymous> (C:\\Users\\User\\Downloads\\SE2-Assignments-Assignment1\\src\\repository\\sqlite\\Order.repository.ts:34:46)\n    at Generator.next (<anonymous>)\n    at C:\\Users\\User\\Downloads\\SE2-Assignments-Assignment1\\src\\repository\\sqlite\\Order.repository.ts:8:71\n    at new Promise (<anonymous>)","timestamp":"2025-09-04T10:00:13.171Z"}
{"level":"error","message":"API Exception of status %d: %s","timestamp":"2025-09-04T10:00:13.172Z"}
{"level":"error","message":"Error opening database connection: Cannot read properties of undefined (reading 'Database')","stack":"TypeError: Cannot read properties of undefined (reading 'Database')\n    at Function.<anonymous> (C:\\Users\\User\\Downloads\\SE2-Assignments-Assignment1\\src\\repository\\sqlite\\ConnectionManager.ts:16:37)\n    at Generator.next (<anonymous>)\n    at C:\\Users\\User\\Downloads\\SE2-Assignments-Assignment1\\src\\repository\\sqlite\\ConnectionManager.ts:8:71\n    at new Promise (<anonymous>)\n    at __awaiter (C:\\Users\\User\\Downloads\\SE2-Assignments-Assignment1\\src\\repository\\sqlite\\ConnectionManager.ts:4:12)\n    at Function.getConnection (C:\\Users\\User\\Downloads\\SE2-Assignments-Assignment1\\src\\repository\\sqlite\\ConnectionManager.ts:24:16)\n    at OrderRepository.<anonymous> (C:\\Users\\User\\Downloads\\SE2-Assignments-Assignment1\\src\\repository\\sqlite\\Order.repository.ts:34:46)\n    at Generator.next (<anonymous>)\n    at C:\\Users\\User\\Downloads\\SE2-Assignments-Assignment1\\src\\repository\\sqlite\\Order.repository.ts:8:71\n    at new Promise (<anonymous>)","timestamp":"2025-09-04T10:00:16.078Z"}
{"level":"error","message":"Error initializing order table Failed to open database connection: Cannot read properties of undefined (reading 'Database')","name":"DbException","stack":"TypeError: Cannot read properties of undefined (reading 'Database')\n    at Function.<anonymous> (C:\\Users\\User\\Downloads\\SE2-Assignments-Assignment1\\src\\repository\\sqlite\\ConnectionManager.ts:16:37)\n    at Generator.next (<anonymous>)\n    at C:\\Users\\User\\Downloads\\SE2-Assignments-Assignment1\\src\\repository\\sqlite\\ConnectionManager.ts:8:71\n    at new Promise (<anonymous>)\n    at __awaiter (C:\\Users\\User\\Downloads\\SE2-Assignments-Assignment1\\src\\repository\\sqlite\\ConnectionManager.ts:4:12)\n    at Function.getConnection (C:\\Users\\User\\Downloads\\SE2-Assignments-Assignment1\\src\\repository\\sqlite\\ConnectionManager.ts:24:16)\n    at OrderRepository.<anonymous> (C:\\Users\\User\\Downloads\\SE2-Assignments-Assignment1\\src\\repository\\sqlite\\Order.repository.ts:34:46)\n    at Generator.next (<anonymous>)\n    at C:\\Users\\User\\Downloads\\SE2-Assignments-Assignment1\\src\\repository\\sqlite\\Order.repository.ts:8:71\n    at new Promise (<anonymous>)","timestamp":"2025-09-04T10:00:16.080Z"}
{"level":"error","message":"API Exception of status %d: %s","timestamp":"2025-09-04T10:00:16.082Z"}
{"level":"error","message":"Error opening database connection: Cannot read properties of undefined (reading 'Database')","stack":"TypeError: Cannot read properties of undefined (reading 'Database')\n    at Function.<anonymous> (C:\\Users\\User\\Downloads\\SE2-Assignments-Assignment1\\src\\repository\\sqlite\\ConnectionManager.ts:16:37)\n    at Generator.next (<anonymous>)\n    at C:\\Users\\User\\Downloads\\SE2-Assignments-Assignment1\\src\\repository\\sqlite\\ConnectionManager.ts:8:71\n    at new Promise (<anonymous>)\n    at __awaiter (C:\\Users\\User\\Downloads\\SE2-Assignments-Assignment1\\src\\repository\\sqlite\\ConnectionManager.ts:4:12)\n    at Function.getConnection (C:\\Users\\User\\Downloads\\SE2-Assignments-Assignment1\\src\\repository\\sqlite\\ConnectionManager.ts:24:16)\n    at OrderRepository.<anonymous> (C:\\Users\\User\\Downloads\\SE2-Assignments-Assignment1\\src\\repository\\sqlite\\Order.repository.ts:34:46)\n    at Generator.next (<anonymous>)\n    at C:\\Users\\User\\Downloads\\SE2-Assignments-Assignment1\\src\\repository\\sqlite\\Order.repository.ts:8:71\n    at new Promise (<anonymous>)","timestamp":"2025-09-04T10:01:29.665Z"}
{"level":"error","message":"Error initializing order table Failed to open database connection: Cannot read properties of undefined (reading 'Database')","name":"DbException","stack":"TypeError: Cannot read properties of undefined (reading 'Database')\n    at Function.<anonymous> (C:\\Users\\User\\Downloads\\SE2-Assignments-Assignment1\\src\\repository\\sqlite\\ConnectionManager.ts:16:37)\n    at Generator.next (<anonymous>)\n    at C:\\Users\\User\\Downloads\\SE2-Assignments-Assignment1\\src\\repository\\sqlite\\ConnectionManager.ts:8:71\n    at new Promise (<anonymous>)\n    at __awaiter (C:\\Users\\User\\Downloads\\SE2-Assignments-Assignment1\\src\\repository\\sqlite\\ConnectionManager.ts:4:12)\n    at Function.getConnection (C:\\Users\\User\\Downloads\\SE2-Assignments-Assignment1\\src\\repository\\sqlite\\ConnectionManager.ts:24:16)\n    at OrderRepository.<anonymous> (C:\\Users\\User\\Downloads\\SE2-Assignments-Assignment1\\src\\repository\\sqlite\\Order.repository.ts:34:46)\n    at Generator.next (<anonymous>)\n    at C:\\Users\\User\\Downloads\\SE2-Assignments-Assignment1\\src\\repository\\sqlite\\Order.repository.ts:8:71\n    at new Promise (<anonymous>)","timestamp":"2025-09-04T10:01:29.667Z"}
{"level":"error","message":"API Exception of status %d: %s","timestamp":"2025-09-04T10:01:29.668Z"}
{"level":"error","message":"API Exception of status %d: %s","timestamp":"2025-09-04T10:02:25.845Z"}
{"level":"error","message":"API Exception of status %d: %s","timestamp":"2025-09-04T10:02:37.478Z"}
{"level":"error","message":"API Exception of status %d: %s","timestamp":"2025-09-04T10:02:39.133Z"}
{"level":"error","message":"API Exception of status %d: %s","timestamp":"2025-09-04T10:02:55.989Z"}
{"level":"error","message":"API Exception of status %d: %s","timestamp":"2025-09-04T10:02:57.445Z"}
{"level":"error","message":"Error opening database connection: Cannot read properties of undefined (reading 'Database')","stack":"TypeError: Cannot read properties of undefined (reading 'Database')\n    at Function.<anonymous> (C:\\Users\\User\\Downloads\\SE2-Assignments-Assignment1\\src\\repository\\sqlite\\ConnectionManager.ts:16:37)\n    at Generator.next (<anonymous>)\n    at C:\\Users\\User\\Downloads\\SE2-Assignments-Assignment1\\src\\repository\\sqlite\\ConnectionManager.ts:8:71\n    at new Promise (<anonymous>)\n    at __awaiter (C:\\Users\\User\\Downloads\\SE2-Assignments-Assignment1\\src\\repository\\sqlite\\ConnectionManager.ts:4:12)\n    at Function.getConnection (C:\\Users\\User\\Downloads\\SE2-Assignments-Assignment1\\src\\repository\\sqlite\\ConnectionManager.ts:24:16)\n    at OrderRepository.<anonymous> (C:\\Users\\User\\Downloads\\SE2-Assignments-Assignment1\\src\\repository\\sqlite\\Order.repository.ts:34:46)\n    at Generator.next (<anonymous>)\n    at C:\\Users\\User\\Downloads\\SE2-Assignments-Assignment1\\src\\repository\\sqlite\\Order.repository.ts:8:71\n    at new Promise (<anonymous>)","timestamp":"2025-09-04T11:40:30.606Z"}
{"level":"error","message":"Error initializing order table Failed to open database connection: Cannot read properties of undefined (reading 'Database')","name":"DbException","stack":"TypeError: Cannot read properties of undefined (reading 'Database')\n    at Function.<anonymous> (C:\\Users\\User\\Downloads\\SE2-Assignments-Assignment1\\src\\repository\\sqlite\\ConnectionManager.ts:16:37)\n    at Generator.next (<anonymous>)\n    at C:\\Users\\User\\Downloads\\SE2-Assignments-Assignment1\\src\\repository\\sqlite\\ConnectionManager.ts:8:71\n    at new Promise (<anonymous>)\n    at __awaiter (C:\\Users\\User\\Downloads\\SE2-Assignments-Assignment1\\src\\repository\\sqlite\\ConnectionManager.ts:4:12)\n    at Function.getConnection (C:\\Users\\User\\Downloads\\SE2-Assignments-Assignment1\\src\\repository\\sqlite\\ConnectionManager.ts:24:16)\n    at OrderRepository.<anonymous> (C:\\Users\\User\\Downloads\\SE2-Assignments-Assignment1\\src\\repository\\sqlite\\Order.repository.ts:34:46)\n    at Generator.next (<anonymous>)\n    at C:\\Users\\User\\Downloads\\SE2-Assignments-Assignment1\\src\\repository\\sqlite\\Order.repository.ts:8:71\n    at new Promise (<anonymous>)","timestamp":"2025-09-04T11:40:30.624Z"}
{"level":"error","message":"API Exception of status %d: %s","timestamp":"2025-09-04T12:05:52.007Z"}
{"level":"error","message":"API Exception of status %d: %s","timestamp":"2025-09-04T12:15:17.779Z"}
{"level":"error","message":"API Exception of status %d: %s","timestamp":"2025-09-04T13:26:43.860Z"}
{"code":"SQLITE_ERROR","errno":1,"level":"error","message":"Error initializing cake table SQLITE_ERROR: AUTOINCREMENT is only allowed on an INTEGER PRIMARY KEY","stack":"Error: SQLITE_ERROR: AUTOINCREMENT is only allowed on an INTEGER PRIMARY KEY","timestamp":"2025-09-04T13:26:51.584Z"}
{"level":"error","message":"Error initializing order table Failed to initilize cake table","name":"InitializationException","stack":"Error: SQLITE_ERROR: AUTOINCREMENT is only allowed on an INTEGER PRIMARY KEY","timestamp":"2025-09-04T13:26:51.588Z"}
{"level":"error","message":"API Exception of status %d: %s","timestamp":"2025-09-04T13:26:51.593Z"}
{"code":"SQLITE_ERROR","errno":1,"level":"error","message":"Error initializing cake table SQLITE_ERROR: AUTOINCREMENT is only allowed on an INTEGER PRIMARY KEY","stack":"Error: SQLITE_ERROR: AUTOINCREMENT is only allowed on an INTEGER PRIMARY KEY","timestamp":"2025-09-04T13:42:42.712Z"}
{"level":"error","message":"Error initializing order table Failed to initilize cake table","name":"InitializationException","stack":"Error: SQLITE_ERROR: AUTOINCREMENT is only allowed on an INTEGER PRIMARY KEY","timestamp":"2025-09-04T13:42:42.716Z"}
{"level":"error","message":"API Exception of status %d: %s","timestamp":"2025-09-04T13:42:42.722Z"}
{"code":"SQLITE_ERROR","errno":1,"level":"error","message":"Error initializing cake table SQLITE_ERROR: AUTOINCREMENT is only allowed on an INTEGER PRIMARY KEY","stack":"Error: SQLITE_ERROR: AUTOINCREMENT is only allowed on an INTEGER PRIMARY KEY","timestamp":"2025-09-04T13:42:44.646Z"}
{"level":"error","message":"Error initializing order table Failed to initilize cake table","name":"InitializationException","stack":"Error: SQLITE_ERROR: AUTOINCREMENT is only allowed on an INTEGER PRIMARY KEY","timestamp":"2025-09-04T13:42:44.649Z"}
{"level":"error","message":"API Exception of status %d: %s","timestamp":"2025-09-04T13:42:44.653Z"}
{"code":"SQLITE_ERROR","errno":1,"level":"error","message":"Error initializing cake table SQLITE_ERROR: AUTOINCREMENT is only allowed on an INTEGER PRIMARY KEY","stack":"Error: SQLITE_ERROR: AUTOINCREMENT is only allowed on an INTEGER PRIMARY KEY","timestamp":"2025-09-04T13:42:46.806Z"}
{"level":"error","message":"Error initializing order table Failed to initilize cake table","name":"InitializationException","stack":"Error: SQLITE_ERROR: AUTOINCREMENT is only allowed on an INTEGER PRIMARY KEY","timestamp":"2025-09-04T13:42:46.808Z"}
{"level":"error","message":"API Exception of status %d: %s","timestamp":"2025-09-04T13:42:46.810Z"}
{"level":"error","message":"API Exception of status %d: %s","timestamp":"2025-09-04T13:42:52.187Z"}
{"level":"error","message":"API Exception of status %d: %s","timestamp":"2025-09-04T13:42:53.348Z"}
{"level":"error","message":"API Exception of status %d: %s","timestamp":"2025-09-04T13:42:54.023Z"}
{"level":"error","message":"API Exception of status %d: %s","timestamp":"2025-09-04T13:43:12.622Z"}
{"level":"error","message":"API Exception of status %d: %s","timestamp":"2025-09-04T13:43:13.941Z"}
{"code":"SQLITE_ERROR","errno":1,"level":"error","message":"Error initializing cake table SQLITE_ERROR: AUTOINCREMENT is only allowed on an INTEGER PRIMARY KEY","stack":"Error: SQLITE_ERROR: AUTOINCREMENT is only allowed on an INTEGER PRIMARY KEY","timestamp":"2025-09-04T13:43:33.777Z"}
{"level":"error","message":"Error initializing order table Failed to initilize cake table","name":"InitializationException","stack":"Error: SQLITE_ERROR: AUTOINCREMENT is only allowed on an INTEGER PRIMARY KEY","timestamp":"2025-09-04T13:43:33.780Z"}
{"level":"error","message":"API Exception of status %d: %s","timestamp":"2025-09-04T13:43:33.783Z"}
{"level":"error","message":"API Exception of status %d: %s","timestamp":"2025-09-04T13:43:41.914Z"}
{"level":"error","message":"API Exception of status %d: %s","timestamp":"2025-09-04T13:49:57.988Z"}
{"code":"SQLITE_ERROR","errno":1,"level":"error","message":"Error initializing cake table SQLITE_ERROR: AUTOINCREMENT is only allowed on an INTEGER PRIMARY KEY","stack":"Error: SQLITE_ERROR: AUTOINCREMENT is only allowed on an INTEGER PRIMARY KEY","timestamp":"2025-09-04T13:54:19.544Z"}
{"level":"error","message":"Error initializing order table Failed to initilize cake table","name":"InitializationException","stack":"Error: SQLITE_ERROR: AUTOINCREMENT is only allowed on an INTEGER PRIMARY KEY","timestamp":"2025-09-04T13:54:19.549Z"}
{"level":"error","message":"API Exception of status %d: %s","timestamp":"2025-09-04T13:54:19.594Z"}
{"code":"SQLITE_ERROR","errno":1,"level":"error","message":"Error initializing cake table SQLITE_ERROR: AUTOINCREMENT is only allowed on an INTEGER PRIMARY KEY","stack":"Error: SQLITE_ERROR: AUTOINCREMENT is only allowed on an INTEGER PRIMARY KEY","timestamp":"2025-09-04T13:54:33.610Z"}
{"level":"error","message":"Error initializing order table Failed to initilize cake table","name":"InitializationException","stack":"Error: SQLITE_ERROR: AUTOINCREMENT is only allowed on an INTEGER PRIMARY KEY","timestamp":"2025-09-04T13:54:33.613Z"}
{"level":"error","message":"API Exception of status %d: %s","timestamp":"2025-09-04T13:54:33.621Z"}
{"level":"error","message":"Failed to get all orders %o","timestamp":"2025-09-04T15:32:45.493Z"}
{"level":"error","message":"API Exception of status %d: %s","timestamp":"2025-09-04T15:32:45.530Z"}
{"level":"error","message":"Order with ID 1234567890iuytre not found","timestamp":"2025-09-04T15:40:19.640Z"}
{"level":"error","message":"Failed to get order of id %o %o","timestamp":"2025-09-04T15:40:19.650Z"}
{"level":"error","message":"API Exception of status %d: %s","timestamp":"2025-09-04T15:40:19.657Z"}
{"level":"error","message":"Order with ID 1234567890iuytre not found","timestamp":"2025-09-04T15:41:56.497Z"}
{"level":"error","message":"Failed to get order of id %o %o","timestamp":"2025-09-04T15:41:56.509Z"}
{"level":"error","message":"API Exception of status %d: %s","timestamp":"2025-09-04T15:41:56.515Z"}
{"level":"error","message":"Order with ID 1234567890iuytrew not found","timestamp":"2025-09-04T15:42:20.001Z"}
{"level":"error","message":"Failed to get order of id %o %o","timestamp":"2025-09-04T15:42:20.001Z"}
{"level":"error","message":"API Exception of status %d: %s","timestamp":"2025-09-04T15:42:20.003Z"}
{"level":"error","message":"Order with ID 1234567890iuytrew not found","timestamp":"2025-09-04T15:42:31.072Z"}
{"level":"error","message":"Failed to get order of id %o %o","timestamp":"2025-09-04T15:42:31.072Z"}
{"level":"error","message":"API Exception of status %d: %s","timestamp":"2025-09-04T15:42:31.074Z"}
{"level":"error","message":"Order with ID 1234567890iuytrew not found","timestamp":"2025-09-04T15:42:46.673Z"}
{"level":"error","message":"Failed to get order of id %o %o","timestamp":"2025-09-04T15:42:46.674Z"}
{"level":"error","message":"API Exception of status %d: %s","timestamp":"2025-09-04T15:42:46.676Z"}
{"level":"error","message":"Order with ID 1234567890iuytrew not found","timestamp":"2025-09-04T15:42:50.240Z"}
{"level":"error","message":"Failed to get order of id %o %o","timestamp":"2025-09-04T15:42:50.241Z"}
{"level":"error","message":"API Exception of status %d: %s","timestamp":"2025-09-04T15:42:50.243Z"}
{"level":"error","message":"Order with ID 1234567890iuytrew not found","timestamp":"2025-09-04T15:42:50.752Z"}
{"level":"error","message":"Failed to get order of id %o %o","timestamp":"2025-09-04T15:42:50.753Z"}
{"level":"error","message":"API Exception of status %d: %s","timestamp":"2025-09-04T15:42:50.755Z"}
{"level":"error","message":"Order with ID 1234567890iuytrew not found","timestamp":"2025-09-04T15:42:51.054Z"}
{"level":"error","message":"Failed to get order of id %o %o","timestamp":"2025-09-04T15:42:51.055Z"}
{"level":"error","message":"API Exception of status %d: %s","timestamp":"2025-09-04T15:42:51.056Z"}
{"level":"error","message":"Order with ID 1234567890iuytrew not found","timestamp":"2025-09-04T15:42:51.738Z"}
{"level":"error","message":"Failed to get order of id %o %o","timestamp":"2025-09-04T15:42:51.739Z"}
{"level":"error","message":"API Exception of status %d: %s","timestamp":"2025-09-04T15:42:51.742Z"}
{"level":"error","message":"Failed to get all orders %o","timestamp":"2025-09-04T15:43:52.153Z"}
{"level":"error","message":"API Exception of status %d: %s","timestamp":"2025-09-04T15:43:52.163Z"}
{"level":"error","message":"Order with ID 1234567890iuytrew not found","timestamp":"2025-09-04T15:45:35.798Z"}
{"level":"error","message":"Failed to get order of id %o %o","timestamp":"2025-09-04T15:45:35.800Z"}
{"level":"error","message":"API Exception of status %d: %s","timestamp":"2025-09-04T15:45:35.802Z"}
{"level":"error","message":"Unhandled Error: %s","timestamp":"2025-09-04T20:24:36.288Z"}
{"level":"error","message":"GET 500 /orders/1234567890iuytre 17ms","timestamp":"2025-09-04T20:24:36.304Z"}
{"level":"error","message":"Unhandled Error: %s","timestamp":"2025-09-04T20:24:37.684Z"}
{"level":"error","message":"GET 500 /orders/1234567890iuytre 3ms","timestamp":"2025-09-04T20:24:37.686Z"}
{"level":"error","message":"Unhandled Error: %s","timestamp":"2025-09-04T20:24:43.939Z"}
{"level":"error","message":"GET 500 /orders 4ms","timestamp":"2025-09-04T20:24:43.943Z"}
{"level":"error","message":"Unhandled Error: %s","timestamp":"2025-09-04T20:24:44.667Z"}
{"level":"error","message":"GET 500 /orders 2ms","timestamp":"2025-09-04T20:24:44.668Z"}
{"level":"error","message":"Unhandled Error: %s","timestamp":"2025-09-04T20:24:45.104Z"}
{"level":"error","message":"GET 500 /orders 2ms","timestamp":"2025-09-04T20:24:45.105Z"}
{"level":"error","message":"Failed to get all orders %o","timestamp":"2025-09-04T20:25:54.693Z"}
{"level":"error","message":"Unhandled Error: %s","timestamp":"2025-09-04T20:25:54.705Z"}
{"level":"error","message":"GET 500 /orders 2333ms","timestamp":"2025-09-04T20:25:54.709Z"}
{"level":"error","message":"Failed to get all orders %o","timestamp":"2025-09-04T20:31:24.211Z"}
{"level":"error","message":"Unhandled Error: %s","timestamp":"2025-09-04T20:31:24.223Z"}
{"level":"error","message":"GET 500 /orders/ 3989ms","timestamp":"2025-09-04T20:31:24.224Z"}
{"level":"error","message":"Failed to get all orders %o","timestamp":"2025-09-04T20:31:31.165Z"}
{"level":"error","message":"Unhandled Error: %s","timestamp":"2025-09-04T20:31:31.167Z"}
{"level":"error","message":"GET 500 /orders 1690ms","timestamp":"2025-09-04T20:31:31.168Z"}
{"level":"error","message":"Failed to get all orders %o","timestamp":"2025-09-05T05:47:38.068Z"}
{"level":"error","message":"Unhandled Error: %s","timestamp":"2025-09-05T05:47:38.097Z"}
{"level":"error","message":"GET 500 /orders/ 2263ms","timestamp":"2025-09-05T05:47:38.099Z"}
{"level":"error","message":"Failed to get all orders %o","timestamp":"2025-09-05T05:48:54.230Z"}
{"level":"error","message":"Unhandled Error: %s","timestamp":"2025-09-05T05:48:54.234Z"}
{"level":"error","message":"GET 500 /orders/ 1391ms","timestamp":"2025-09-05T05:48:54.236Z"}
{"level":"error","message":"Order with ID 1234567890iuytrew not found","timestamp":"2025-09-05T05:49:16.565Z"}
{"level":"error","message":"Failed to get order of id %o %o","timestamp":"2025-09-05T05:49:16.566Z"}
{"level":"error","message":"Unhandled Error: %s","timestamp":"2025-09-05T05:49:16.568Z"}
{"level":"error","message":"GET 500 /orders/1234567890iuytrew 10ms","timestamp":"2025-09-05T05:49:16.571Z"}
{"level":"error","message":"Order with ID revenue not found","timestamp":"2025-09-05T07:55:05.295Z"}
{"level":"error","message":"Failed to get order of id %o %o","timestamp":"2025-09-05T07:55:05.306Z"}
{"level":"error","message":"Unhandled Error: %s","timestamp":"2025-09-05T07:55:05.310Z"}
{"level":"error","message":"GET 500 /orders/revenue 59ms","timestamp":"2025-09-05T07:55:05.326Z"}
{"level":"error","message":"Order with ID revenue not found","timestamp":"2025-09-05T07:55:40.734Z"}
{"level":"error","message":"Failed to get order of id %o %o","timestamp":"2025-09-05T07:55:40.736Z"}
{"level":"error","message":"Unhandled Error: %s","timestamp":"2025-09-05T07:55:40.739Z"}
{"level":"error","message":"GET 500 /orders/revenue 11ms","timestamp":"2025-09-05T07:55:40.741Z"}
{"level":"error","message":"Order with ID revenue not found","timestamp":"2025-09-05T07:55:41.910Z"}
{"level":"error","message":"Failed to get order of id %o %o","timestamp":"2025-09-05T07:55:41.912Z"}
{"level":"error","message":"Unhandled Error: %s","timestamp":"2025-09-05T07:55:41.913Z"}
{"level":"error","message":"GET 500 /orders/revenue 9ms","timestamp":"2025-09-05T07:55:41.914Z"}
{"level":"error","message":"Order with ID count not found","timestamp":"2025-09-05T07:56:24.261Z"}
{"level":"error","message":"Failed to get order of id %o %o","timestamp":"2025-09-05T07:56:24.263Z"}
{"level":"error","message":"Unhandled Error: %s","timestamp":"2025-09-05T07:56:24.264Z"}
{"level":"error","message":"GET 500 /orders/count 8ms","timestamp":"2025-09-05T07:56:24.266Z"}
{"level":"error","message":"Order with ID count not found","timestamp":"2025-09-05T07:57:23.232Z"}
{"level":"error","message":"Failed to get order of id %o %o","timestamp":"2025-09-05T07:57:23.233Z"}
{"level":"error","message":"Unhandled Error: %s","timestamp":"2025-09-05T07:57:23.235Z"}
{"level":"error","message":"GET 500 /orders/count?type=totale 10ms","timestamp":"2025-09-05T07:57:23.238Z"}
{"level":"error","message":"Order with ID count not found","timestamp":"2025-09-05T07:57:28.464Z"}
{"level":"error","message":"Failed to get order of id %o %o","timestamp":"2025-09-05T07:57:28.465Z"}
{"level":"error","message":"Unhandled Error: %s","timestamp":"2025-09-05T07:57:28.467Z"}
{"level":"error","message":"GET 500 /orders/count 9ms","timestamp":"2025-09-05T07:57:28.468Z"}
{"level":"error","message":"Order with ID revenue not found","timestamp":"2025-09-05T07:59:06.568Z"}
{"level":"error","message":"Failed to get order of id %o %o","timestamp":"2025-09-05T07:59:06.578Z"}
{"level":"error","message":"Unhandled Error: %s","timestamp":"2025-09-05T07:59:06.582Z"}
{"level":"error","message":"GET 500 /orders/revenue 27ms","timestamp":"2025-09-05T07:59:06.587Z"}
{"level":"error","message":"Order with ID revenue not found","timestamp":"2025-09-05T08:03:27.444Z"}
{"level":"error","message":"Failed to get order of id %o %o","timestamp":"2025-09-05T08:03:27.455Z"}
{"level":"error","message":"Unhandled Error: %s","timestamp":"2025-09-05T08:03:27.458Z"}
{"level":"error","message":"GET 500 /orders/revenue 26ms","timestamp":"2025-09-05T08:03:27.463Z"}
{"level":"error","message":"Failed to get all orders %o","timestamp":"2025-09-05T08:03:36.959Z"}
{"level":"error","message":"Unhandled Error: %s","timestamp":"2025-09-05T08:03:36.965Z"}
{"level":"error","message":"GET 500 /orders/ 3176ms","timestamp":"2025-09-05T08:03:36.967Z"}
{"level":"error","message":"Failed to get all orders %o","timestamp":"2025-09-05T08:03:46.153Z"}
{"level":"error","message":"Unhandled Error: %s","timestamp":"2025-09-05T08:03:46.158Z"}
{"level":"error","message":"GET 500 /orders 2171ms","timestamp":"2025-09-05T08:03:46.162Z"}
{"level":"error","message":"Failed to get all orders %o","timestamp":"2025-09-05T08:04:13.985Z"}
{"level":"error","message":"Unhandled Error: %s","timestamp":"2025-09-05T08:04:13.992Z"}
{"level":"error","message":"GET 500 /orders/ 1684ms","timestamp":"2025-09-05T08:04:13.995Z"}
{"level":"error","message":"Failed to get all orders %o","timestamp":"2025-09-05T08:08:58.579Z"}
{"level":"error","message":"Unhandled Error: %s","timestamp":"2025-09-05T08:08:58.606Z"}
{"level":"error","message":"GET 500 /orders/ 1843ms","timestamp":"2025-09-05T08:08:58.613Z"}
{"level":"error","message":"Order with ID 1234 not found","timestamp":"2025-09-05T08:09:19.961Z"}
{"level":"error","message":"Failed to get order of id %o %o","timestamp":"2025-09-05T08:09:19.962Z"}
{"level":"error","message":"Failed to get order of id 1234 %o %o","timestamp":"2025-09-05T08:09:19.964Z"}
{"level":"error","message":"Order with ID 1234 not found","timestamp":"2025-09-05T08:09:20.627Z"}
{"level":"error","message":"Failed to get order of id %o %o","timestamp":"2025-09-05T08:09:20.629Z"}
{"level":"error","message":"Failed to get order of id 1234 %o %o","timestamp":"2025-09-05T08:09:20.633Z"}
{"level":"error","message":"Order with ID 1234 not found","timestamp":"2025-09-05T08:09:21.725Z"}
{"level":"error","message":"Failed to get order of id %o %o","timestamp":"2025-09-05T08:09:21.726Z"}
{"level":"error","message":"Failed to get order of id 1234 %o %o","timestamp":"2025-09-05T08:09:21.730Z"}
{"level":"error","message":"Unhandled Error: %s","timestamp":"2025-09-05T08:09:21.733Z"}
{"level":"error","message":"GET 500 /orders/1234 1777ms","timestamp":"2025-09-05T08:09:21.735Z"}
{"level":"error","message":"Unhandled Error: %s","timestamp":"2025-09-05T08:10:04.346Z"}
{"level":"error","message":"PUT 500 /orders/1234 3ms","timestamp":"2025-09-05T08:10:04.347Z"}
{"level":"error","message":"Unhandled Error: %s","timestamp":"2025-09-05T08:10:07.683Z"}
{"level":"error","message":"PUT 500 /orders/123 2ms","timestamp":"2025-09-05T08:10:07.685Z"}
{"level":"error","message":"Unhandled Error: %s","timestamp":"2025-09-05T08:10:14.838Z"}
{"level":"error","message":"PUT 500 /orders/1234567890iuytre 3ms","timestamp":"2025-09-05T08:10:14.840Z"}
{"level":"error","message":"Unhandled Error: %s","timestamp":"2025-09-05T08:10:17.767Z"}
{"level":"error","message":"PUT 500 /orders/1234567890iuytr 2ms","timestamp":"2025-09-05T08:10:17.770Z"}
{"level":"error","message":"Unhandled Error: %s","timestamp":"2025-09-05T08:10:19.904Z"}
{"level":"error","message":"PUT 500 /orders/1234567890iuytre 2ms","timestamp":"2025-09-05T08:10:19.905Z"}
{"level":"error","message":"Unhandled Error: %s","timestamp":"2025-09-05T08:10:44.051Z"}
{"level":"error","message":"PUT 500 /orders/1234567890iuytre 1ms","timestamp":"2025-09-05T08:10:44.052Z"}
{"level":"error","message":"Unhandled Error: %s","timestamp":"2025-09-05T09:57:43.778Z"}
{"level":"error","message":"PUT 500 /orders/1234567890iuytre 6ms","timestamp":"2025-09-05T09:57:43.783Z"}
{"level":"error","message":"Unhandled Error: %s","timestamp":"2025-09-05T09:58:01.888Z"}
{"level":"error","message":"PUT 500 /orders/1234567890iuytre 4ms","timestamp":"2025-09-05T09:58:01.891Z"}
{"level":"error","message":"%s [%d] \"%s\" %o","timestamp":"2025-09-05T10:02:26.130Z"}
{"level":"error","message":"Unhandled Error: %s","timestamp":"2025-09-05T10:03:32.504Z"}
{"level":"error","message":"POST 500 /orders 5ms","timestamp":"2025-09-05T10:03:32.507Z"}
{"level":"error","message":"Order with ID 123tt not found","timestamp":"2025-09-05T10:03:54.023Z"}
{"level":"error","message":"Failed to get order of id %o %o","timestamp":"2025-09-05T10:03:54.026Z"}
{"level":"error","message":"Order with ID 123tt not found","timestamp":"2025-09-05T10:03:55.647Z"}
{"level":"error","message":"Failed to get order of id %o %o","timestamp":"2025-09-05T10:03:55.649Z"}
{"level":"error","message":"Order with ID 123tt not found","timestamp":"2025-09-05T10:03:56.721Z"}
{"level":"error","message":"Failed to get order of id %o %o","timestamp":"2025-09-05T10:03:56.722Z"}
{"level":"error","message":"Order with id 123tt not found in any category","timestamp":"2025-09-05T10:03:56.728Z"}
{"level":"error","message":"Unhandled Error: %s","timestamp":"2025-09-05T10:03:56.730Z"}
{"level":"error","message":"GET 500 /orders/123tt 2711ms","timestamp":"2025-09-05T10:03:56.731Z"}
{"level":"error","message":"Order with ID 123tt not found","timestamp":"2025-09-05T10:04:20.137Z"}
{"level":"error","message":"Failed to get order of id %o %o","timestamp":"2025-09-05T10:04:20.138Z"}
{"level":"error","message":"Order with ID 123tt not found","timestamp":"2025-09-05T10:04:21.143Z"}
{"level":"error","message":"Failed to get order of id %o %o","timestamp":"2025-09-05T10:04:21.146Z"}
{"level":"error","message":"Order with ID 123tt not found","timestamp":"2025-09-05T10:04:22.178Z"}
{"level":"error","message":"Failed to get order of id %o %o","timestamp":"2025-09-05T10:04:22.181Z"}
{"level":"error","message":"Order with id 123tt not found in any category","timestamp":"2025-09-05T10:04:22.184Z"}
{"level":"error","message":"Unhandled Error: %s","timestamp":"2025-09-05T10:04:22.185Z"}
{"level":"error","message":"GET 500 /orders/123tt 2054ms","timestamp":"2025-09-05T10:04:22.187Z"}
{"level":"error","message":"Order with ID 123tt not found","timestamp":"2025-09-05T10:04:28.264Z"}
{"level":"error","message":"Failed to get order of id %o %o","timestamp":"2025-09-05T10:04:28.265Z"}
{"level":"error","message":"Order with ID 123tt not found","timestamp":"2025-09-05T10:04:28.925Z"}
{"level":"error","message":"Failed to get order of id %o %o","timestamp":"2025-09-05T10:04:28.925Z"}
{"level":"error","message":"Order with ID 123tt not found","timestamp":"2025-09-05T10:04:29.638Z"}
{"level":"error","message":"Failed to get order of id %o %o","timestamp":"2025-09-05T10:04:29.641Z"}
{"level":"error","message":"Order with id 123tt not found in any category","timestamp":"2025-09-05T10:04:29.644Z"}
{"level":"error","message":"Unhandled Error: %s","timestamp":"2025-09-05T10:04:29.646Z"}
{"level":"error","message":"GET 500 /orders/123tt 1389ms","timestamp":"2025-09-05T10:04:29.649Z"}
{"level":"error","message":"Order with ID revenue not found","timestamp":"2025-09-05T10:05:56.978Z"}
{"level":"error","message":"Failed to get order of id %o %o","timestamp":"2025-09-05T10:05:56.992Z"}
{"level":"error","message":"Order with ID revenue not found","timestamp":"2025-09-05T10:05:58.772Z"}
{"level":"error","message":"Failed to get order of id %o %o","timestamp":"2025-09-05T10:05:58.775Z"}
{"level":"error","message":"Order with ID revenue not found","timestamp":"2025-09-05T10:05:59.527Z"}
{"level":"error","message":"Failed to get order of id %o %o","timestamp":"2025-09-05T10:05:59.530Z"}
{"level":"error","message":"Order with id revenue not found in any category","timestamp":"2025-09-05T10:05:59.534Z"}
{"level":"error","message":"Unhandled Error: %s","timestamp":"2025-09-05T10:05:59.537Z"}
{"level":"error","message":"GET 500 /orders/revenue 2581ms","timestamp":"2025-09-05T10:05:59.548Z"}
{"level":"error","message":"Order with ID count not found","timestamp":"2025-09-05T10:06:15.365Z"}
{"level":"error","message":"Failed to get order of id %o %o","timestamp":"2025-09-05T10:06:15.366Z"}
{"level":"error","message":"Order with ID count not found","timestamp":"2025-09-05T10:06:15.972Z"}
{"level":"error","message":"Failed to get order of id %o %o","timestamp":"2025-09-05T10:06:15.973Z"}
{"level":"error","message":"Order with ID count not found","timestamp":"2025-09-05T10:06:16.809Z"}
{"level":"error","message":"Failed to get order of id %o %o","timestamp":"2025-09-05T10:06:16.811Z"}
{"level":"error","message":"Order with id count not found in any category","timestamp":"2025-09-05T10:06:16.814Z"}
{"level":"error","message":"Unhandled Error: %s","timestamp":"2025-09-05T10:06:16.816Z"}
{"level":"error","message":"GET 500 /orders/count 1458ms","timestamp":"2025-09-05T10:06:16.818Z"}
{"level":"error","message":"%s [%d] \"%s\" %o","timestamp":"2025-09-05T10:06:23.754Z"}
{"level":"error","message":"%s [%d] \"%s\" %o","timestamp":"2025-09-05T10:06:36.269Z"}
{"level":"error","message":"%s [%d] \"%s\" %o","timestamp":"2025-09-05T10:06:37.058Z"}
{"level":"error","message":"%s [%d] \"%s\" %o","timestamp":"2025-09-05T10:06:58.789Z"}
{"level":"error","message":"Failed to get all orders %o","timestamp":"2025-09-05T10:07:03.797Z"}
{"level":"error","message":"Unhandled Error: %s","timestamp":"2025-09-05T10:07:03.800Z"}
{"level":"error","message":"GET 500 /orders/ 1481ms","timestamp":"2025-09-05T10:07:03.802Z"}
{"level":"error","message":"Failed to get all orders %o","timestamp":"2025-09-05T10:07:08.147Z"}
{"level":"error","message":"Unhandled Error: %s","timestamp":"2025-09-05T10:07:08.149Z"}
{"level":"error","message":"GET 500 /orders 1335ms","timestamp":"2025-09-05T10:07:08.151Z"}
{"level":"error","message":"Failed to get all orders %o","timestamp":"2025-09-05T10:07:20.574Z"}
{"level":"error","message":"Unhandled Error: %s","timestamp":"2025-09-05T10:07:20.579Z"}
{"level":"error","message":"GET 500 /orders/ 1378ms","timestamp":"2025-09-05T10:07:20.581Z"}
{"level":"error","message":"Failed to get all orders %o","timestamp":"2025-09-05T10:13:29.537Z"}
{"level":"error","message":"Unhandled Error: %s","timestamp":"2025-09-05T10:13:29.561Z"}
{"level":"error","message":"GET 500 /orders/ 2122ms","timestamp":"2025-09-05T10:13:29.567Z"}
{"level":"error","message":"Failed to get all orders %o","timestamp":"2025-09-05T10:15:46.605Z"}
{"level":"error","message":"Unhandled Error: %s","timestamp":"2025-09-05T10:15:46.624Z"}
{"level":"error","message":"GET 500 /orders/ 1581ms","timestamp":"2025-09-05T10:15:46.629Z"}
{"level":"error","message":"Failed to get all orders %o","timestamp":"2025-09-05T10:18:43.136Z"}
{"level":"error","message":"Unhandled Error: %s","timestamp":"2025-09-05T10:18:43.162Z"}
{"level":"error","message":"GET 500 /orders/ 2273ms","timestamp":"2025-09-05T10:18:43.170Z"}
{"level":"error","message":"Failed to get all orders %o","timestamp":"2025-09-05T10:20:40.254Z"}
{"level":"error","message":"Error fetching orders for category book: Failed to get all orders: Item of id 123 not found for order id ","name":"DbException","stack":"Error: Item of id 123 not found for order id \n    at C:\\Users\\User\\Downloads\\SE2-Assignments-Assignment1\\src\\repository\\sqlite\\Order.repository.ts:113:26\n    at Array.map (<anonymous>)\n    at OrderRepository.<anonymous> (C:\\Users\\User\\Downloads\\SE2-Assignments-Assignment1\\src\\repository\\sqlite\\Order.repository.ts:109:38)\n    at Generator.next (<anonymous>)\n    at fulfilled (C:\\Users\\User\\Downloads\\SE2-Assignments-Assignment1\\src\\repository\\sqlite\\Order.repository.ts:5:58)","timestamp":"2025-09-05T10:20:40.279Z"}
{"level":"error","message":"Failed to get all orders %o","timestamp":"2025-09-05T10:20:41.622Z"}
{"level":"error","message":"Error fetching orders for category toy: Failed to get all orders: item.getId is not a function","name":"DbException","stack":"TypeError: item.getId is not a function\n    at C:\\Users\\User\\Downloads\\SE2-Assignments-Assignment1\\src\\repository\\sqlite\\Order.repository.ts:110:55\n    at Array.find (<anonymous>)\n    at C:\\Users\\User\\Downloads\\SE2-Assignments-Assignment1\\src\\repository\\sqlite\\Order.repository.ts:110:35\n    at Array.map (<anonymous>)\n    at OrderRepository.<anonymous> (C:\\Users\\User\\Downloads\\SE2-Assignments-Assignment1\\src\\repository\\sqlite\\Order.repository.ts:109:38)\n    at Generator.next (<anonymous>)\n    at fulfilled (C:\\Users\\User\\Downloads\\SE2-Assignments-Assignment1\\src\\repository\\sqlite\\Order.repository.ts:5:58)","timestamp":"2025-09-05T10:20:41.628Z"}
{"level":"error","message":"Unhandled Error: %s","timestamp":"2025-09-05T10:25:34.086Z"}
{"level":"error","message":"POST 500 /orders/ 9ms","timestamp":"2025-09-05T10:25:34.089Z"}
{"level":"error","message":"Unhandled Error: %s","timestamp":"2025-09-05T10:26:58.325Z"}
{"level":"error","message":"POST 500 /orders 5ms","timestamp":"2025-09-05T10:26:58.328Z"}
{"level":"error","message":"Unhandled Error: %s","timestamp":"2025-09-05T10:27:00.620Z"}
{"level":"error","message":"POST 500 /orders/ 4ms","timestamp":"2025-09-05T10:27:00.622Z"}
{"level":"error","message":"Unhandled Error: %s","timestamp":"2025-09-05T10:29:25.778Z"}
{"level":"error","message":"POST 500 /orders/ 5ms","timestamp":"2025-09-05T10:29:25.781Z"}
{"level":"error","message":"Unhandled Error: %s","timestamp":"2025-09-05T10:31:10.872Z"}
{"level":"error","message":"Unhandled Error: %s","timestamp":"2025-09-05T10:31:21.703Z"}
{"level":"error","message":"POST 500 /orders/ 3ms","timestamp":"2025-09-05T10:31:21.706Z"}
{"level":"error","message":"Failed to get all orders %o","timestamp":"2025-09-05T10:32:08.917Z"}
{"level":"error","message":"Error fetching orders for category book: Failed to get all orders: Item of id 123 not found for order id ","name":"DbException","stack":"Error: Item of id 123 not found for order id \n    at C:\\Users\\User\\Downloads\\SE2-Assignments-Assignment1\\src\\repository\\sqlite\\Order.repository.ts:113:26\n    at Array.map (<anonymous>)\n    at OrderRepository.<anonymous> (C:\\Users\\User\\Downloads\\SE2-Assignments-Assignment1\\src\\repository\\sqlite\\Order.repository.ts:109:38)\n    at Generator.next (<anonymous>)\n    at fulfilled (C:\\Users\\User\\Downloads\\SE2-Assignments-Assignment1\\src\\repository\\sqlite\\Order.repository.ts:5:58)","timestamp":"2025-09-05T10:32:08.948Z"}
{"level":"error","message":"Failed to get all orders %o","timestamp":"2025-09-05T10:32:10.923Z"}
{"level":"error","message":"Error fetching orders for category toy: Failed to get all orders: item.getId is not a function","name":"DbException","stack":"TypeError: item.getId is not a function\n    at C:\\Users\\User\\Downloads\\SE2-Assignments-Assignment1\\src\\repository\\sqlite\\Order.repository.ts:110:55\n    at Array.find (<anonymous>)\n    at C:\\Users\\User\\Downloads\\SE2-Assignments-Assignment1\\src\\repository\\sqlite\\Order.repository.ts:110:35\n    at Array.map (<anonymous>)\n    at OrderRepository.<anonymous> (C:\\Users\\User\\Downloads\\SE2-Assignments-Assignment1\\src\\repository\\sqlite\\Order.repository.ts:109:38)\n    at Generator.next (<anonymous>)\n    at fulfilled (C:\\Users\\User\\Downloads\\SE2-Assignments-Assignment1\\src\\repository\\sqlite\\Order.repository.ts:5:58)","timestamp":"2025-09-05T10:32:10.929Z"}
{"level":"error","message":"Unhandled Error: %s","timestamp":"2025-09-05T10:32:46.999Z"}
{"level":"error","message":"POST 500 /orders/ 3ms","timestamp":"2025-09-05T10:32:47.002Z"}
{"level":"error","message":"Unhandled Error: %s","timestamp":"2025-09-05T10:33:16.136Z"}
{"level":"error","message":"POST 500 /orders/ 2ms","timestamp":"2025-09-05T10:33:16.138Z"}
{"level":"error","message":"Unhandled Error: %s","timestamp":"2025-09-05T10:33:43.296Z"}
{"level":"error","message":"POST 500 /orders/ 2ms","timestamp":"2025-09-05T10:33:43.297Z"}
{"level":"error","message":"Failed to get all orders %o","timestamp":"2025-09-05T10:34:09.098Z"}
{"level":"error","message":"Error fetching orders for category book: Failed to get all orders: Item of id 123 not found for order id ","name":"DbException","stack":"Error: Item of id 123 not found for order id \n    at C:\\Users\\User\\Downloads\\SE2-Assignments-Assignment1\\src\\repository\\sqlite\\Order.repository.ts:113:26\n    at Array.map (<anonymous>)\n    at OrderRepository.<anonymous> (C:\\Users\\User\\Downloads\\SE2-Assignments-Assignment1\\src\\repository\\sqlite\\Order.repository.ts:109:38)\n    at Generator.next (<anonymous>)\n    at fulfilled (C:\\Users\\User\\Downloads\\SE2-Assignments-Assignment1\\src\\repository\\sqlite\\Order.repository.ts:5:58)","timestamp":"2025-09-05T10:34:09.102Z"}
{"level":"error","message":"Failed to get all orders %o","timestamp":"2025-09-05T10:34:10.322Z"}
{"level":"error","message":"Error fetching orders for category toy: Failed to get all orders: item.getId is not a function","name":"DbException","stack":"TypeError: item.getId is not a function\n    at C:\\Users\\User\\Downloads\\SE2-Assignments-Assignment1\\src\\repository\\sqlite\\Order.repository.ts:110:55\n    at Array.find (<anonymous>)\n    at C:\\Users\\User\\Downloads\\SE2-Assignments-Assignment1\\src\\repository\\sqlite\\Order.repository.ts:110:35\n    at Array.map (<anonymous>)\n    at OrderRepository.<anonymous> (C:\\Users\\User\\Downloads\\SE2-Assignments-Assignment1\\src\\repository\\sqlite\\Order.repository.ts:109:38)\n    at Generator.next (<anonymous>)\n    at fulfilled (C:\\Users\\User\\Downloads\\SE2-Assignments-Assignment1\\src\\repository\\sqlite\\Order.repository.ts:5:58)","timestamp":"2025-09-05T10:34:10.326Z"}
{"level":"error","message":"Failed to get all orders %o","timestamp":"2025-09-05T10:37:16.435Z"}
{"level":"error","message":"Error fetching orders for category book: Failed to get all orders: Item of id 123 not found for order id ","name":"DbException","stack":"Error: Item of id 123 not found for order id \n    at C:\\Users\\User\\Downloads\\SE2-Assignments-Assignment1\\src\\repository\\sqlite\\Order.repository.ts:113:26\n    at Array.map (<anonymous>)\n    at OrderRepository.<anonymous> (C:\\Users\\User\\Downloads\\SE2-Assignments-Assignment1\\src\\repository\\sqlite\\Order.repository.ts:109:38)\n    at Generator.next (<anonymous>)\n    at fulfilled (C:\\Users\\User\\Downloads\\SE2-Assignments-Assignment1\\src\\repository\\sqlite\\Order.repository.ts:5:58)","timestamp":"2025-09-05T10:37:16.440Z"}
{"level":"error","message":"Unhandled Error: %s","timestamp":"2025-09-05T10:39:22.250Z"}
{"level":"error","message":"POST 500 /orders/ 7ms","timestamp":"2025-09-05T10:39:22.255Z"}
{"level":"error","message":"Unhandled Error: %s","timestamp":"2025-09-05T10:40:20.949Z"}
{"level":"error","message":"POST 500 /orders/ 8ms","timestamp":"2025-09-05T10:40:20.952Z"}
{"level":"error","message":"Unhandled Error: %s","timestamp":"2025-09-05T10:41:51.711Z"}
{"level":"error","message":"POST 500 /orders/ 4ms","timestamp":"2025-09-05T10:41:51.713Z"}
{"level":"error","message":"Unhandled Error: %s","timestamp":"2025-09-05T10:42:35.072Z"}
{"level":"error","message":"POST 500 /orders/ 7ms","timestamp":"2025-09-05T10:42:35.077Z"}
{"level":"error","message":"Unhandled Error: %s","timestamp":"2025-09-05T10:43:18.343Z"}
{"level":"error","message":"POST 500 /orders/ 8ms","timestamp":"2025-09-05T10:43:18.348Z"}
{"level":"error","message":"Unhandled Error: %s","timestamp":"2025-09-05T10:45:01.665Z"}
{"level":"error","message":"POST 500 /orders/ 7ms","timestamp":"2025-09-05T10:45:01.670Z"}
{"level":"error","message":"Unhandled Error: %s","timestamp":"2025-09-05T10:46:21.840Z"}
{"level":"error","message":"POST 500 /orders/ 7ms","timestamp":"2025-09-05T10:46:21.845Z"}
{"code":"SQLITE_CONSTRAINT","errno":19,"level":"error","message":"Error creating cake SQLITE_CONSTRAINT: NOT NULL constraint failed: cake.type","stack":"Error: SQLITE_CONSTRAINT: NOT NULL constraint failed: cake.type","timestamp":"2025-09-05T10:47:12.734Z"}
{"level":"error","message":"Error creating order Failed to create cake: SQLITE_CONSTRAINT: NOT NULL constraint failed: cake.type","name":"DbException","stack":"Error: SQLITE_CONSTRAINT: NOT NULL constraint failed: cake.type","timestamp":"2025-09-05T10:47:12.735Z"}
{"level":"error","message":"Unhandled Error: %s","timestamp":"2025-09-05T10:47:12.737Z"}
{"level":"error","message":"POST 500 /orders/ 47ms","timestamp":"2025-09-05T10:47:12.742Z"}
{"code":"SQLITE_CONSTRAINT","errno":19,"level":"error","message":"Error creating cake SQLITE_CONSTRAINT: NOT NULL constraint failed: cake.type","stack":"Error: SQLITE_CONSTRAINT: NOT NULL constraint failed: cake.type","timestamp":"2025-09-05T10:53:03.342Z"}
{"level":"error","message":"Error creating order Failed to create cake: SQLITE_CONSTRAINT: NOT NULL constraint failed: cake.type","name":"DbException","stack":"Error: SQLITE_CONSTRAINT: NOT NULL constraint failed: cake.type","timestamp":"2025-09-05T10:53:03.343Z"}
{"level":"error","message":"Unhandled Error: %s","timestamp":"2025-09-05T10:53:03.345Z"}
{"level":"error","message":"POST 500 /orders/ 17ms","timestamp":"2025-09-05T10:53:03.349Z"}
{"code":"SQLITE_CONSTRAINT","errno":19,"level":"error","message":"Error creating cake SQLITE_CONSTRAINT: NOT NULL constraint failed: cake.type","stack":"Error: SQLITE_CONSTRAINT: NOT NULL constraint failed: cake.type","timestamp":"2025-09-05T10:54:59.570Z"}
{"level":"error","message":"Error creating order Failed to create cake: SQLITE_CONSTRAINT: NOT NULL constraint failed: cake.type","name":"DbException","stack":"Error: SQLITE_CONSTRAINT: NOT NULL constraint failed: cake.type","timestamp":"2025-09-05T10:54:59.571Z"}
{"level":"error","message":"Unhandled Error: %s","timestamp":"2025-09-05T10:54:59.573Z"}
{"level":"error","message":"POST 500 /orders/ 21ms","timestamp":"2025-09-05T10:54:59.579Z"}
{"level":"error","message":"%s [%d] \"%s\" %o","timestamp":"2025-09-05T11:01:59.006Z"}
{"level":"error","message":"%s [%d] \"%s\" %o","timestamp":"2025-09-05T11:06:33.325Z"}
{"level":"error","message":"%s [%d] \"%s\" %o","timestamp":"2025-09-05T11:24:53.095Z"}
{"level":"error","message":"%s [%d] \"%s\" %o","timestamp":"2025-09-05T11:26:19.264Z"}
{"level":"error","message":"%s [%d] \"%s\" %o","timestamp":"2025-09-05T11:31:00.629Z"}
{"level":"error","message":"Order with ID abc123 not found","timestamp":"2025-09-05T11:31:22.011Z"}
{"level":"error","message":"Failed to get order of id %o %o","timestamp":"2025-09-05T11:31:22.039Z"}
{"level":"error","message":"Order with ID abc123 not found","timestamp":"2025-09-05T11:31:23.797Z"}
{"level":"error","message":"Failed to get order of id %o %o","timestamp":"2025-09-05T11:31:23.800Z"}
{"level":"error","message":"Order with ID abc123 not found","timestamp":"2025-09-05T11:31:24.706Z"}
{"level":"error","message":"Failed to get order of id %o %o","timestamp":"2025-09-05T11:31:24.713Z"}
{"level":"error","message":"Order with id abc123 not found in any category","timestamp":"2025-09-05T11:31:24.718Z"}
{"level":"error","message":"Unhandled Error: %s","timestamp":"2025-09-05T11:31:24.722Z"}
{"level":"error","message":"GET 500 /orders/abc123 2750ms","timestamp":"2025-09-05T11:31:24.728Z"}
{"level":"error","message":"%s [%d] \"%s\" %o","timestamp":"2025-09-05T11:31:41.331Z"}
{"level":"error","message":"%s [%d] \"%s\" %o","timestamp":"2025-09-05T11:32:16.219Z"}
{"level":"error","message":"Order with ID 123c not found","timestamp":"2025-09-05T11:35:15.139Z"}
{"level":"error","message":"Failed to get order of id %o %o","timestamp":"2025-09-05T11:35:15.195Z"}
{"level":"error","message":"Order with ID 123c not found","timestamp":"2025-09-05T11:35:16.062Z"}
{"level":"error","message":"Failed to get order of id %o %o","timestamp":"2025-09-05T11:35:16.066Z"}
{"level":"error","message":"Order with ID 123c not found","timestamp":"2025-09-05T11:35:16.749Z"}
{"level":"error","message":"Failed to get order of id %o %o","timestamp":"2025-09-05T11:35:16.753Z"}
{"level":"error","message":"Order with id 123c not found in any category","timestamp":"2025-09-05T11:35:16.758Z"}
{"level":"error","message":"Unhandled Error: %s","timestamp":"2025-09-05T11:35:16.764Z"}
{"level":"error","message":"GET 500 /orders/123c 1662ms","timestamp":"2025-09-05T11:35:16.769Z"}
{"level":"error","message":"Order with ID rg1 not found","timestamp":"2025-09-05T11:38:19.592Z"}
{"level":"error","message":"Failed to get order of id %o %o","timestamp":"2025-09-05T11:38:19.596Z"}
{"level":"error","message":"Order with ID rg1 not found","timestamp":"2025-09-05T11:38:20.988Z"}
{"level":"error","message":"Failed to get order of id %o %o","timestamp":"2025-09-05T11:38:20.991Z"}
{"level":"error","message":"Order with ID rg1 not found","timestamp":"2025-09-05T11:38:22.837Z"}
{"level":"error","message":"Failed to get order of id %o %o","timestamp":"2025-09-05T11:38:22.841Z"}
{"level":"error","message":"Order with id rg1 not found in any category","timestamp":"2025-09-05T11:38:22.847Z"}
{"level":"error","message":"Unhandled Error: %s","timestamp":"2025-09-05T11:38:22.850Z"}
{"level":"error","message":"GET 500 /orders/rg1 3270ms","timestamp":"2025-09-05T11:38:22.854Z"}
{"level":"error","message":"Failed to get all orders %o","timestamp":"2025-09-05T11:38:38.474Z"}
{"level":"error","message":"Error fetching orders for category book: Failed to get all orders: Item of id 123 not found for order id ","name":"DbException","stack":"Error: Item of id 123 not found for order id \n    at C:\\Users\\User\\Downloads\\SE2-Assignments-Assignment1\\src\\repository\\sqlite\\Order.repository.ts:113:26\n    at Array.map (<anonymous>)\n    at OrderRepository.<anonymous> (C:\\Users\\User\\Downloads\\SE2-Assignments-Assignment1\\src\\repository\\sqlite\\Order.repository.ts:109:38)\n    at Generator.next (<anonymous>)\n    at fulfilled (C:\\Users\\User\\Downloads\\SE2-Assignments-Assignment1\\src\\repository\\sqlite\\Order.repository.ts:5:58)","timestamp":"2025-09-05T11:38:38.480Z"}
{"level":"error","message":"Failed to get all orders %o","timestamp":"2025-09-05T11:38:40.333Z"}
{"level":"error","message":"Error fetching orders for category toy: Failed to get all orders: item.getId is not a function","name":"DbException","stack":"TypeError: item.getId is not a function\n    at C:\\Users\\User\\Downloads\\SE2-Assignments-Assignment1\\src\\repository\\sqlite\\Order.repository.ts:110:55\n    at Array.find (<anonymous>)\n    at C:\\Users\\User\\Downloads\\SE2-Assignments-Assignment1\\src\\repository\\sqlite\\Order.repository.ts:110:35\n    at Array.map (<anonymous>)\n    at OrderRepository.<anonymous> (C:\\Users\\User\\Downloads\\SE2-Assignments-Assignment1\\src\\repository\\sqlite\\Order.repository.ts:109:38)\n    at Generator.next (<anonymous>)\n    at fulfilled (C:\\Users\\User\\Downloads\\SE2-Assignments-Assignment1\\src\\repository\\sqlite\\Order.repository.ts:5:58)","timestamp":"2025-09-05T11:38:40.339Z"}
{"level":"error","message":"Order with ID revenue not found","timestamp":"2025-09-05T11:38:54.453Z"}
{"level":"error","message":"Failed to get order of id %o %o","timestamp":"2025-09-05T11:38:54.454Z"}
{"level":"error","message":"Order with ID revenue not found","timestamp":"2025-09-05T11:38:55.493Z"}
{"level":"error","message":"Failed to get order of id %o %o","timestamp":"2025-09-05T11:38:55.495Z"}
{"level":"error","message":"Order with ID revenue not found","timestamp":"2025-09-05T11:38:56.268Z"}
{"level":"error","message":"Failed to get order of id %o %o","timestamp":"2025-09-05T11:38:56.270Z"}
{"level":"error","message":"Order with id revenue not found in any category","timestamp":"2025-09-05T11:38:56.272Z"}
{"level":"error","message":"Unhandled Error: %s","timestamp":"2025-09-05T11:38:56.273Z"}
{"level":"error","message":"GET 500 /orders/revenue 1826ms","timestamp":"2025-09-05T11:38:56.275Z"}
{"level":"error","message":"Order with ID revenue not found","timestamp":"2025-09-05T11:39:02.731Z"}
{"level":"error","message":"Failed to get order of id %o %o","timestamp":"2025-09-05T11:39:02.732Z"}
{"level":"error","message":"%s [%d] \"%s\" %o","timestamp":"2025-09-05T11:42:12.688Z"}
{"level":"error","message":"%s [%d] \"%s\" %o","timestamp":"2025-09-05T11:42:41.625Z"}
{"level":"error","message":"Order with ID revenue not found","timestamp":"2025-09-05T11:50:06.884Z"}
{"level":"error","message":"Failed to get order of id %o %o","timestamp":"2025-09-05T11:50:06.926Z"}
{"level":"error","message":"Order with ID revenue not found","timestamp":"2025-09-05T11:50:08.903Z"}
{"level":"error","message":"Failed to get order of id %o %o","timestamp":"2025-09-05T11:50:08.907Z"}
{"level":"error","message":"Order with ID revenue not found","timestamp":"2025-09-05T11:50:09.753Z"}
{"level":"error","message":"Failed to get order of id %o %o","timestamp":"2025-09-05T11:50:09.758Z"}
{"level":"error","message":"Order with id revenue not found in any category","timestamp":"2025-09-05T11:50:09.764Z"}
{"level":"error","message":"Unhandled Error: %s","timestamp":"2025-09-05T11:50:09.770Z"}
{"level":"error","message":"GET 500 /orders/revenue 2952ms","timestamp":"2025-09-05T11:50:09.805Z"}
{"level":"error","message":"Failed to get all orders %o","timestamp":"2025-09-05T12:04:45.580Z"}
{"level":"error","message":"%s [%d] \" %s\" %o","timestamp":"2025-09-05T12:04:45.659Z"}
{"level":"error","message":"Failed to get all orders %o","timestamp":"2025-09-05T12:05:31.231Z"}
{"level":"error","message":"%s [%d] \" %s\" %o","timestamp":"2025-09-05T12:05:31.253Z"}
{"level":"error","message":"Failed to get all orders %o","timestamp":"2025-09-05T12:06:43.814Z"}
{"level":"error","message":"%s [%d] \" %s\" %o","timestamp":"2025-09-05T12:06:43.874Z"}
{"level":"error","message":"Failed to get all orders %o","timestamp":"2025-09-05T12:13:55.890Z"}
{"level":"error","message":"Error getting revenue for category toy: Failed to get all orders: item.getId is not a function","timestamp":"2025-09-05T12:13:55.956Z"}
{"level":"error","message":"Failed to get all orders %o","timestamp":"2025-09-06T06:01:00.515Z"}
{"level":"error","message":"Error getting revenue for category toy: Failed to get all orders: item.getId is not a function","timestamp":"2025-09-06T06:01:00.593Z"}
{"level":"error","message":"Failed to get all orders %o","timestamp":"2025-09-06T06:02:55.911Z"}
{"level":"error","message":"Error getting order count for category book: Failed to get all orders: Missing required order property","timestamp":"2025-09-06T06:02:55.992Z"}
{"level":"error","message":"Failed to get all orders %o","timestamp":"2025-09-06T06:02:58.432Z"}
{"level":"error","message":"Error getting order count for category toy: Failed to get all orders: item.getId is not a function","timestamp":"2025-09-06T06:02:58.434Z"}
{"level":"error","message":"%s [%d] \" %s\" %o","timestamp":"2025-09-06T06:05:26.288Z"}
{"level":"error","message":"%s [%d] \" %s\" %o","timestamp":"2025-09-06T06:05:45.628Z"}
{"level":"error","message":"%s [%d] \" %s\" %o","timestamp":"2025-09-06T06:06:01.771Z"}
{"level":"error","message":"%s [%d] \" %s\" %o","timestamp":"2025-09-06T06:06:08.956Z"}
{"level":"error","message":"Failed to get all orders %o","timestamp":"2025-09-06T06:12:10.302Z"}
{"level":"error","message":"Error getting revenue for category book: Failed to get all orders: Missing required order property","timestamp":"2025-09-06T06:12:10.381Z"}
{"level":"error","message":"Failed to get all orders %o","timestamp":"2025-09-06T06:12:12.282Z"}
{"level":"error","message":"Error getting revenue for category toy: Failed to get all orders: item.getId is not a function","timestamp":"2025-09-06T06:12:12.290Z"}
{"level":"error","message":"Failed to get all orders %o","timestamp":"2025-09-06T06:12:19.530Z"}
{"level":"error","message":"Error fetching orders for category book: Failed to get all orders: Missing required order property","name":"DbException","stack":"Error: Missing required order property\n    at OrderBuilder.build (C:\\Users\\User\\Downloads\\SE2-Assignments-Assignment1\\src\\model\\Builder\\order.builder.ts:45:23)\n    at SQLiteOrderMapper.map (C:\\Users\\User\\Downloads\\SE2-Assignments-Assignment1\\src\\mappers\\Order.mapper.ts:52:10)\n    at C:\\Users\\User\\Downloads\\SE2-Assignments-Assignment1\\src\\repository\\sqlite\\Order.repository.ts:121:29\n    at Array.map (<anonymous>)\n    at OrderRepository.<anonymous> (C:\\Users\\User\\Downloads\\SE2-Assignments-Assignment1\\src\\repository\\sqlite\\Order.repository.ts:120:51)\n    at Generator.next (<anonymous>)\n    at fulfilled (C:\\Users\\User\\Downloads\\SE2-Assignments-Assignment1\\src\\repository\\sqlite\\Order.repository.ts:5:58)","timestamp":"2025-09-06T06:12:19.539Z"}
{"level":"error","message":"Failed to get all orders %o","timestamp":"2025-09-06T06:12:21.548Z"}
{"level":"error","message":"Error fetching orders for category toy: Failed to get all orders: item.getId is not a function","name":"DbException","stack":"TypeError: item.getId is not a function\n    at C:\\Users\\User\\Downloads\\SE2-Assignments-Assignment1\\src\\repository\\sqlite\\Order.repository.ts:113:56\n    at Array.find (<anonymous>)\n    at C:\\Users\\User\\Downloads\\SE2-Assignments-Assignment1\\src\\repository\\sqlite\\Order.repository.ts:113:36\n    at Array.map (<anonymous>)\n    at OrderRepository.<anonymous> (C:\\Users\\User\\Downloads\\SE2-Assignments-Assignment1\\src\\repository\\sqlite\\Order.repository.ts:112:16)\n    at Generator.next (<anonymous>)\n    at fulfilled (C:\\Users\\User\\Downloads\\SE2-Assignments-Assignment1\\src\\repository\\sqlite\\Order.repository.ts:5:58)","timestamp":"2025-09-06T06:12:21.556Z"}
{"level":"error","message":"%s [%d] \" %s\" %o","timestamp":"2025-09-06T06:12:54.930Z"}
{"level":"error","message":"%s [%d] \" %s\" %o","timestamp":"2025-09-06T06:13:33.128Z"}
{"level":"error","message":"Failed to get all orders %o","timestamp":"2025-09-06T06:13:44.633Z"}
{"level":"error","message":"Error getting revenue for category book: Failed to get all orders: Missing required order property","timestamp":"2025-09-06T06:13:44.645Z"}
{"level":"error","message":"Failed to get all orders %o","timestamp":"2025-09-06T06:14:55.543Z"}
{"level":"error","message":"Error getting revenue for category book: Failed to get all orders: Missing required order property","timestamp":"2025-09-06T06:14:55.612Z"}
{"level":"error","message":"Failed to get all orders %o","timestamp":"2025-09-06T06:14:57.642Z"}
{"level":"error","message":"Error getting revenue for category toy: Failed to get all orders: item.getId is not a function","timestamp":"2025-09-06T06:14:57.697Z"}
{"level":"error","message":"Failed to get all orders %o","timestamp":"2025-09-06T06:15:41.477Z"}
{"level":"error","message":"Error getting order count for category book: Failed to get all orders: Missing required order property","timestamp":"2025-09-06T06:15:41.554Z"}
{"level":"error","message":"Failed to get all orders %o","timestamp":"2025-09-06T06:15:42.755Z"}
{"level":"error","message":"Error getting order count for category toy: Failed to get all orders: item.getId is not a function","timestamp":"2025-09-06T06:15:42.762Z"}
{"level":"error","message":"Failed to get all orders %o","timestamp":"2025-09-06T06:30:05.897Z"}
{"level":"error","message":"Error getting revenue for category book: Failed to get all orders: Missing required order property","timestamp":"2025-09-06T06:30:05.974Z"}
{"level":"error","message":"Failed to get all orders %o","timestamp":"2025-09-06T06:30:07.288Z"}
{"level":"error","message":"Error getting revenue for category toy: Failed to get all orders: item.getId is not a function","timestamp":"2025-09-06T06:30:07.297Z"}
{"level":"error","message":"%s [%d] \" %s\" %o","timestamp":"2025-09-06T06:30:19.537Z"}
{"level":"error","message":"Failed to get all orders %o","timestamp":"2025-09-06T06:30:31.462Z"}
{"level":"error","message":"Error getting order count for category book: Failed to get all orders: Missing required order property","timestamp":"2025-09-06T06:30:31.471Z"}
{"level":"error","message":"Failed to get all orders %o","timestamp":"2025-09-06T06:30:32.760Z"}
{"level":"error","message":"Error getting order count for category toy: Failed to get all orders: item.getId is not a function","timestamp":"2025-09-06T06:30:32.768Z"}
{"level":"error","message":"Failed to get all orders %o","timestamp":"2025-09-06T06:31:00.905Z"}
{"level":"error","message":"Error fetching orders for category book: Failed to get all orders: Missing required order property","name":"DbException","stack":"Error: Missing required order property\n    at OrderBuilder.build (C:\\Users\\User\\Downloads\\SE2-Assignments-Assignment1\\src\\model\\Builder\\order.builder.ts:45:23)\n    at SQLiteOrderMapper.map (C:\\Users\\User\\Downloads\\SE2-Assignments-Assignment1\\src\\mappers\\Order.mapper.ts:52:10)\n    at C:\\Users\\User\\Downloads\\SE2-Assignments-Assignment1\\src\\repository\\sqlite\\Order.repository.ts:121:29\n    at Array.map (<anonymous>)\n    at OrderRepository.<anonymous> (C:\\Users\\User\\Downloads\\SE2-Assignments-Assignment1\\src\\repository\\sqlite\\Order.repository.ts:120:51)\n    at Generator.next (<anonymous>)\n    at fulfilled (C:\\Users\\User\\Downloads\\SE2-Assignments-Assignment1\\src\\repository\\sqlite\\Order.repository.ts:5:58)","timestamp":"2025-09-06T06:31:00.912Z"}
